Using pre-set license
Built from '2022.3/staging' branch; Version is '2022.3.4f1 (35713cd46cd7) revision 3502396'; Using compiler version '192829333'; Build Type 'Release'
OS: 'Windows 11  (10.0.26100) 64bit Professional' Language: 'en' Physical Memory: 32397 MB
BatchMode: 1, IsHumanControllingUs: 0, StartBugReporterOnCrash: 0, Is64bit: 1, IsPro: 1

COMMAND LINE ARGUMENTS:
C:\Program Files\Unity\Hub\Editor\2022.3.4f1\Editor\Unity.exe
-adb2
-batchMode
-noUpm
-name
AssetImportWorker0
-projectPath
C:/Users/moonw/source/4Asset/4Asset
-logFile
Logs/AssetImportWorker0.log
-srvPort
62759
Successfully changed project path to: C:/Users/moonw/source/4Asset/4Asset
C:/Users/moonw/source/4Asset/4Asset
[UnityMemory] Configuration Parameters - Can be set up in boot.config
    "memorysetup-bucket-allocator-granularity=16"
    "memorysetup-bucket-allocator-bucket-count=8"
    "memorysetup-bucket-allocator-block-size=33554432"
    "memorysetup-bucket-allocator-block-count=8"
    "memorysetup-main-allocator-block-size=16777216"
    "memorysetup-thread-allocator-block-size=16777216"
    "memorysetup-gfx-main-allocator-block-size=16777216"
    "memorysetup-gfx-thread-allocator-block-size=16777216"
    "memorysetup-cache-allocator-block-size=4194304"
    "memorysetup-typetree-allocator-block-size=2097152"
    "memorysetup-profiler-bucket-allocator-granularity=16"
    "memorysetup-profiler-bucket-allocator-bucket-count=8"
    "memorysetup-profiler-bucket-allocator-block-size=33554432"
    "memorysetup-profiler-bucket-allocator-block-count=8"
    "memorysetup-profiler-allocator-block-size=16777216"
    "memorysetup-profiler-editor-allocator-block-size=1048576"
    "memorysetup-temp-allocator-size-main=16777216"
    "memorysetup-job-temp-allocator-block-size=2097152"
    "memorysetup-job-temp-allocator-block-size-background=1048576"
    "memorysetup-job-temp-allocator-reduction-small-platforms=262144"
    "memorysetup-allocator-temp-initial-block-size-main=262144"
    "memorysetup-allocator-temp-initial-block-size-worker=262144"
    "memorysetup-temp-allocator-size-background-worker=32768"
    "memorysetup-temp-allocator-size-job-worker=262144"
    "memorysetup-temp-allocator-size-preload-manager=33554432"
    "memorysetup-temp-allocator-size-nav-mesh-worker=65536"
    "memorysetup-temp-allocator-size-audio-worker=65536"
    "memorysetup-temp-allocator-size-cloud-worker=32768"
    "memorysetup-temp-allocator-size-gi-baking-worker=262144"
    "memorysetup-temp-allocator-size-gfx=262144"
Player connection [27180] Host "[IP] 129.21.72.16 [Port] 0 [Flags] 2 [Guid] 2089349742 [EditorId] 2089349742 [Version] 1048832 [Id] WindowsEditor(7,Panda) [Debug] 1 [PackageName] WindowsEditor [ProjectName] Editor" joined multi-casting on [225.0.0.222:54997]...

Player connection [27180] Host "[IP] 129.21.72.16 [Port] 0 [Flags] 2 [Guid] 2089349742 [EditorId] 2089349742 [Version] 1048832 [Id] WindowsEditor(7,Panda) [Debug] 1 [PackageName] WindowsEditor [ProjectName] Editor" joined alternative multi-casting on [225.0.0.222:34997]...

Refreshing native plugins compatible for Editor in 42.15 ms, found 3 plugins.
Preloading 0 native plugins for Editor in 0.00 ms.
Initialize engine version: 2022.3.4f1 (35713cd46cd7)
[Subsystems] Discovering subsystems at path C:/Program Files/Unity/Hub/Editor/2022.3.4f1/Editor/Data/Resources/UnitySubsystems
[Subsystems] Discovering subsystems at path C:/Users/moonw/source/4Asset/4Asset/Assets
GfxDevice: creating device client; threaded=0; jobified=0
Direct3D:
    Version:  Direct3D 11.0 [level 11.1]
    Renderer: Intel(R) Iris(R) Xe Graphics (ID=0xa7a0)
    Vendor:   Intel
    VRAM:     16198 MB
    Driver:   32.0.101.6299
Initialize mono
Mono path[0] = 'C:/Program Files/Unity/Hub/Editor/2022.3.4f1/Editor/Data/Managed'
Mono path[1] = 'C:/Program Files/Unity/Hub/Editor/2022.3.4f1/Editor/Data/MonoBleedingEdge/lib/mono/unityjit-win32'
Mono config path = 'C:/Program Files/Unity/Hub/Editor/2022.3.4f1/Editor/Data/MonoBleedingEdge/etc'
Using monoOptions --debugger-agent=transport=dt_socket,embedding=1,server=y,suspend=n,address=127.0.0.1:56036
Begin MonoManager ReloadAssembly
Registering precompiled unity dll's ...
Register platform support module: C:/Program Files/Unity/Hub/Editor/2022.3.4f1/Editor/Data/PlaybackEngines/WindowsStandaloneSupport/UnityEditor.WindowsStandalone.Extensions.dll
Registered in 0.016276 seconds.
- Loaded All Assemblies, in  0.880 seconds
Native extension for WindowsStandalone target not found
Mono: successfully reloaded assembly
- Finished resetting the current domain, in  0.871 seconds
Domain Reload Profiling: 1748ms
	BeginReloadAssembly (263ms)
		ExecutionOrderSort (0ms)
		DisableScriptedObjects (0ms)
		BackupInstance (0ms)
		ReleaseScriptingObjects (0ms)
		CreateAndSetChildDomain (2ms)
	RebuildCommonClasses (104ms)
	RebuildNativeTypeToScriptingClass (32ms)
	initialDomainReloadingComplete (149ms)
	LoadAllAssembliesAndSetupDomain (328ms)
		LoadAssemblies (258ms)
		RebuildTransferFunctionScriptingTraits (0ms)
		AnalyzeDomain (316ms)
			TypeCache.Refresh (313ms)
				TypeCache.ScanAssembly (284ms)
			ScanForSourceGeneratedMonoScriptInfo (1ms)
			ResolveRequiredComponents (2ms)
	FinalizeReload (872ms)
		ReleaseScriptCaches (0ms)
		RebuildScriptCaches (0ms)
		SetupLoadedEditorAssemblies (551ms)
			LogAssemblyErrors (0ms)
			InitializePlatformSupportModulesInManaged (22ms)
			SetLoadedEditorAssemblies (29ms)
			RefreshPlugins (0ms)
			BeforeProcessingInitializeOnLoad (5ms)
			ProcessInitializeOnLoadAttributes (372ms)
			ProcessInitializeOnLoadMethodAttributes (123ms)
			AfterProcessingInitializeOnLoad (0ms)
			EditorAssembliesLoaded (0ms)
		ExecutionOrderSort2 (0ms)
		AwakeInstancesAfterBackupRestoration (0ms)
========================================================================
Worker process is ready to serve import requests
Begin MonoManager ReloadAssembly
- Loaded All Assemblies, in  1.812 seconds
Refreshing native plugins compatible for Editor in 8.88 ms, found 3 plugins.
Native extension for WindowsStandalone target not found
Package Manager log level set to [2]
[Package Manager] Server::EnsureServerProcessIsRunning -- launch failed, reason: Unity was launched with the -noUpm command-line argument
[Package Manager] UpmClient::Send -- Unable to send message (not connected to UPM process).
[Package Manager] Cannot connect to Unity Package Manager local server
Attempting to connect to LKG Bridge at 2/15/2025 5:18:48 PM...
UnityEngine.StackTraceUtility:ExtractStackTrace ()
UnityEngine.DebugLogHandler:LogFormat (UnityEngine.LogType,UnityEngine.Object,string,object[])
UnityEngine.Logger:Log (UnityEngine.LogType,object)
UnityEngine.Debug:Log (object)
LookingGlass.LKGDisplaySystem/<Reconnect>d__29:MoveNext () (at Assets/LookingGlass/Scripts/LookingGlass/Systems/LKGDisplaySystem.cs:314)
System.Runtime.CompilerServices.AsyncTaskMethodBuilder`1<bool>:Start<LookingGlass.LKGDisplaySystem/<Reconnect>d__29> (LookingGlass.LKGDisplaySystem/<Reconnect>d__29&)
LookingGlass.LKGDisplaySystem:Reconnect ()
LookingGlass.LKGDisplaySystem:InitializeSystem () (at Assets/LookingGlass/Scripts/LookingGlass/Systems/LKGDisplaySystem.cs:175)
LookingGlass.UnityLKGSystems:PerformSafe (System.Action) (at Assets/LookingGlass/Scripts/LookingGlass/Systems/UnityLKGSystems.cs:74)
LookingGlass.UnityLKGSystems:InitializeAllSystems () (at Assets/LookingGlass/Scripts/LookingGlass/Systems/UnityLKGSystems.cs:54)
LookingGlass.UnityLKGSystems:.cctor () (at Assets/LookingGlass/Scripts/LookingGlass/Systems/UnityLKGSystems.cs:23)
System.Runtime.CompilerServices.RuntimeHelpers:RunClassConstructor (System.RuntimeTypeHandle)
UnityEditor.EditorAssemblies:ProcessInitializeOnLoadAttributes (System.Type[])

(Filename: Assets/LookingGlass/Scripts/LookingGlass/Systems/LKGDisplaySystem.cs Line: 314)

Mono: successfully reloaded assembly
- Finished resetting the current domain, in  2.084 seconds
Domain Reload Profiling: 3891ms
	BeginReloadAssembly (310ms)
		ExecutionOrderSort (0ms)
		DisableScriptedObjects (11ms)
		BackupInstance (0ms)
		ReleaseScriptingObjects (0ms)
		CreateAndSetChildDomain (44ms)
	RebuildCommonClasses (100ms)
	RebuildNativeTypeToScriptingClass (29ms)
	initialDomainReloadingComplete (96ms)
	LoadAllAssembliesAndSetupDomain (1271ms)
		LoadAssemblies (685ms)
		RebuildTransferFunctionScriptingTraits (0ms)
		AnalyzeDomain (741ms)
			TypeCache.Refresh (686ms)
				TypeCache.ScanAssembly (656ms)
			ScanForSourceGeneratedMonoScriptInfo (43ms)
			ResolveRequiredComponents (12ms)
	FinalizeReload (2085ms)
		ReleaseScriptCaches (0ms)
		RebuildScriptCaches (0ms)
		SetupLoadedEditorAssemblies (1551ms)
			LogAssemblyErrors (0ms)
			InitializePlatformSupportModulesInManaged (15ms)
			SetLoadedEditorAssemblies (11ms)
			RefreshPlugins (0ms)
			BeforeProcessingInitializeOnLoad (162ms)
			ProcessInitializeOnLoadAttributes (1307ms)
			ProcessInitializeOnLoadMethodAttributes (42ms)
			AfterProcessingInitializeOnLoad (12ms)
			EditorAssembliesLoaded (0ms)
		ExecutionOrderSort2 (0ms)
		AwakeInstancesAfterBackupRestoration (14ms)
Launched and connected shader compiler UnityShaderCompiler.exe after 0.20 seconds
Refreshing native plugins compatible for Editor in 19.31 ms, found 3 plugins.
Preloading 0 native plugins for Editor in 0.00 ms.
Unloading 4012 Unused Serialized files (Serialized files now loaded: 0)
Unloading 66 unused Assets / (1.5 MB). Loaded Objects now: 4461.
Memory consumption went from 154.1 MB to 152.6 MB.
Total: 11.853800 ms (FindLiveObjects: 0.776000 ms CreateObjectMapping: 0.456800 ms MarkObjects: 9.874900 ms  DeleteObjects: 0.743200 ms)

AssetImportParameters requested are different than current active one (requested -> active):
  custom:container-demuxer-ogg: 62fdf1f143b41e24485cea50d1cbac27 -> 
  custom:video-codec-MediaFoundation-h265: 746d11721c4dcdbdad8f713fa42b33f4 -> 
  custom:video-decoder-ogg-theora: a1e56fd34408186e4bbccfd4996cb3dc -> 
  custom:framework-win-MediaFoundation: 216162199b28c13a410421893ffa2e32 -> 
  custom:CustomObjectIndexerAttribute: 756ad292c208cfabdd7b50bc23989ffe -> 
  custom:container-demuxer-webm: 4f35f7cbe854078d1ac9338744f61a02 -> 
  custom:container-muxer-webm: aa71ff27fc2769a1b78a27578f13a17b -> 
  custom:video-decoder-webm-vp8: 9c59270c3fd7afecdb556c50c9e8de78 -> 
  custom:AudioImporter_EditorPlatform: d09bf68614088b80899f8185d706f6e7 -> 
  custom:video-encoder-webm-vp8: eb34c28f22e8b96e1ab97ce403110664 -> 
  custom:audio-decoder-ogg-vorbis: bf7c407c2cedff20999df2af8eb42d56 -> 
  custom:audio-encoder-webm-vorbis: bf7c407c2cedff20999df2af8eb42d56 -> 
========================================================================
Received Import Request.
  Time since last request: 191380.028374 seconds.
  path: Assets/Scripts/MovementController.cs
  artifactKey: Guid(18b667a54b445a04681aaada429f273c) Importer(815301076,1909f56bfc062723c751e8b465ee728b)
Start importing Assets/Scripts/MovementController.cs using Guid(18b667a54b445a04681aaada429f273c) Importer(815301076,1909f56bfc062723c751e8b465ee728b)  -> (artifact id: 'f2ffe3777591dc4f830c19e5925ed193') in 0.007076 seconds
Number of updated asset objects reloaded before import = 0
Number of asset objects unloaded after import = 0
========================================================================
Received Import Request.
  Time since last request: 601.038935 seconds.
  path: Assets/Scripts/MovementController.cs
  artifactKey: Guid(18b667a54b445a04681aaada429f273c) Importer(815301076,1909f56bfc062723c751e8b465ee728b)
Start importing Assets/Scripts/MovementController.cs using Guid(18b667a54b445a04681aaada429f273c) Importer(815301076,1909f56bfc062723c751e8b465ee728b)  -> (artifact id: '8f573f8099ebcfb95f0fc0337c99833a') in 0.002084 seconds
Number of updated asset objects reloaded before import = 0
Number of asset objects unloaded after import = 0
========================================================================
Received Prepare
Begin MonoManager ReloadAssembly
- Loaded All Assemblies, in  1.555 seconds
Refreshing native plugins compatible for Editor in 11.62 ms, found 3 plugins.
Native extension for WindowsStandalone target not found
[Package Manager] Server::EnsureServerProcessIsRunning -- launch failed, reason: Unity was launched with the -noUpm command-line argument
[Package Manager] UpmClient::Send -- Unable to send message (not connected to UPM process).
[Package Manager] Cannot connect to Unity Package Manager local server
Attempting to connect to LKG Bridge at 2/15/2025 5:29:05 PM...
UnityEngine.StackTraceUtility:ExtractStackTrace ()
UnityEngine.DebugLogHandler:LogFormat (UnityEngine.LogType,UnityEngine.Object,string,object[])
UnityEngine.Logger:Log (UnityEngine.LogType,object)
UnityEngine.Debug:Log (object)
LookingGlass.LKGDisplaySystem/<Reconnect>d__29:MoveNext () (at Assets/LookingGlass/Scripts/LookingGlass/Systems/LKGDisplaySystem.cs:314)
System.Runtime.CompilerServices.AsyncTaskMethodBuilder`1<bool>:Start<LookingGlass.LKGDisplaySystem/<Reconnect>d__29> (LookingGlass.LKGDisplaySystem/<Reconnect>d__29&)
LookingGlass.LKGDisplaySystem:Reconnect ()
LookingGlass.LKGDisplaySystem:InitializeSystem () (at Assets/LookingGlass/Scripts/LookingGlass/Systems/LKGDisplaySystem.cs:175)
LookingGlass.UnityLKGSystems:PerformSafe (System.Action) (at Assets/LookingGlass/Scripts/LookingGlass/Systems/UnityLKGSystems.cs:74)
LookingGlass.UnityLKGSystems:InitializeAllSystems () (at Assets/LookingGlass/Scripts/LookingGlass/Systems/UnityLKGSystems.cs:54)
LookingGlass.UnityLKGSystems:.cctor () (at Assets/LookingGlass/Scripts/LookingGlass/Systems/UnityLKGSystems.cs:23)
System.Runtime.CompilerServices.RuntimeHelpers:RunClassConstructor (System.RuntimeTypeHandle)
UnityEditor.EditorAssemblies:ProcessInitializeOnLoadAttributes (System.Type[])

(Filename: Assets/LookingGlass/Scripts/LookingGlass/Systems/LKGDisplaySystem.cs Line: 314)

Mono: successfully reloaded assembly
- Finished resetting the current domain, in  2.303 seconds
Domain Reload Profiling: 3852ms
	BeginReloadAssembly (320ms)
		ExecutionOrderSort (0ms)
		DisableScriptedObjects (8ms)
		BackupInstance (0ms)
		ReleaseScriptingObjects (0ms)
		CreateAndSetChildDomain (95ms)
	RebuildCommonClasses (66ms)
	RebuildNativeTypeToScriptingClass (22ms)
	initialDomainReloadingComplete (66ms)
	LoadAllAssembliesAndSetupDomain (1075ms)
		LoadAssemblies (600ms)
		RebuildTransferFunctionScriptingTraits (0ms)
		AnalyzeDomain (602ms)
			TypeCache.Refresh (583ms)
				TypeCache.ScanAssembly (556ms)
			ScanForSourceGeneratedMonoScriptInfo (8ms)
			ResolveRequiredComponents (12ms)
	FinalizeReload (2304ms)
		ReleaseScriptCaches (0ms)
		RebuildScriptCaches (0ms)
		SetupLoadedEditorAssemblies (1387ms)
			LogAssemblyErrors (0ms)
			InitializePlatformSupportModulesInManaged (14ms)
			SetLoadedEditorAssemblies (12ms)
			RefreshPlugins (0ms)
			BeforeProcessingInitializeOnLoad (150ms)
			ProcessInitializeOnLoadAttributes (1153ms)
			ProcessInitializeOnLoadMethodAttributes (47ms)
			AfterProcessingInitializeOnLoad (10ms)
			EditorAssembliesLoaded (0ms)
		ExecutionOrderSort2 (0ms)
		AwakeInstancesAfterBackupRestoration (17ms)
Refreshing native plugins compatible for Editor in 10.94 ms, found 3 plugins.
Preloading 0 native plugins for Editor in 0.00 ms.
Unloading 3963 Unused Serialized files (Serialized files now loaded: 0)
Unloading 50 unused Assets / (1.5 MB). Loaded Objects now: 4467.
Memory consumption went from 142.8 MB to 141.3 MB.
Total: 7.693400 ms (FindLiveObjects: 0.360900 ms CreateObjectMapping: 0.166400 ms MarkObjects: 6.721500 ms  DeleteObjects: 0.442700 ms)

Prepare: number of updated asset objects reloaded= 0
AssetImportParameters requested are different than current active one (requested -> active):
  custom:container-demuxer-ogg: 62fdf1f143b41e24485cea50d1cbac27 -> 
  custom:video-codec-MediaFoundation-h265: 746d11721c4dcdbdad8f713fa42b33f4 -> 
  custom:video-decoder-ogg-theora: a1e56fd34408186e4bbccfd4996cb3dc -> 
  custom:framework-win-MediaFoundation: 216162199b28c13a410421893ffa2e32 -> 
  custom:CustomObjectIndexerAttribute: 756ad292c208cfabdd7b50bc23989ffe -> 
  custom:container-demuxer-webm: 4f35f7cbe854078d1ac9338744f61a02 -> 
  custom:container-muxer-webm: aa71ff27fc2769a1b78a27578f13a17b -> 
  custom:video-decoder-webm-vp8: 9c59270c3fd7afecdb556c50c9e8de78 -> 
  custom:AudioImporter_EditorPlatform: d09bf68614088b80899f8185d706f6e7 -> 
  custom:video-encoder-webm-vp8: eb34c28f22e8b96e1ab97ce403110664 -> 
  custom:audio-decoder-ogg-vorbis: bf7c407c2cedff20999df2af8eb42d56 -> 
  custom:audio-encoder-webm-vorbis: bf7c407c2cedff20999df2af8eb42d56 -> 
========================================================================
Received Import Request.
  Time since last request: 82.785897 seconds.
  path: Assets/LookingGlass/Examples/DemoResources/2D Camera Render (1536x2048).renderTexture
  artifactKey: Guid(125e2fd18ba682c4fbf15d077a003e3f) Importer(815301076,1909f56bfc062723c751e8b465ee728b)
Start importing Assets/LookingGlass/Examples/DemoResources/2D Camera Render (1536x2048).renderTexture using Guid(125e2fd18ba682c4fbf15d077a003e3f) Importer(815301076,1909f56bfc062723c751e8b465ee728b)  -> (artifact id: '0fd57b57737bdd77afe6e16d61ccc4b8') in 0.127583 seconds
Number of updated asset objects reloaded before import = 0
Number of asset objects unloaded after import = 2
========================================================================
Received Import Request.
  Time since last request: 0.000055 seconds.
  path: Assets/LookingGlass/Models/3D Cusor Cone.obj
  artifactKey: Guid(ef193e1450fd60b47b10f1e7ddc836b4) Importer(815301076,1909f56bfc062723c751e8b465ee728b)
Start importing Assets/LookingGlass/Models/3D Cusor Cone.obj using Guid(ef193e1450fd60b47b10f1e7ddc836b4) Importer(815301076,1909f56bfc062723c751e8b465ee728b)  -> (artifact id: '85a73575735e6166a5c0f314725bb3fd') in 0.321287 seconds
Number of updated asset objects reloaded before import = 0
Number of asset objects unloaded after import = 10
========================================================================
Received Import Request.
  Time since last request: 8.040835 seconds.
  path: Assets/LookingGlass Post-Processing 3.2.2/PostProcessing/Shaders/ACES.hlsl
  artifactKey: Guid(d7de89b714449b04391f3a2fb53a9022) Importer(815301076,1909f56bfc062723c751e8b465ee728b)
Start importing Assets/LookingGlass Post-Processing 3.2.2/PostProcessing/Shaders/ACES.hlsl using Guid(d7de89b714449b04391f3a2fb53a9022) Importer(815301076,1909f56bfc062723c751e8b465ee728b)  -> (artifact id: 'a391ca0b1c28c859f8f4d66563a09375') in 0.002329 seconds
Number of updated asset objects reloaded before import = 0
Number of asset objects unloaded after import = 1
========================================================================
Received Import Request.
  Time since last request: 0.282114 seconds.
  path: Assets/LookingGlass/Materials/Alpha Blend.mat
  artifactKey: Guid(08c6d302c70ddb448bfaa1d90fed467c) Importer(815301076,1909f56bfc062723c751e8b465ee728b)
Start importing Assets/LookingGlass/Materials/Alpha Blend.mat using Guid(08c6d302c70ddb448bfaa1d90fed467c) Importer(815301076,1909f56bfc062723c751e8b465ee728b)  -> (artifact id: '8100896be0a7ac891347f20b3a0476d7') in 0.037396 seconds
Number of updated asset objects reloaded before import = 0
Number of asset objects unloaded after import = 1
========================================================================
Received Import Request.
  Time since last request: 0.000198 seconds.
  path: Assets/LookingGlass/Examples/URP/ExampleAssets/Models/Workbench_Low.fbx
  artifactKey: Guid(ff6dc36862fe41641bb21568d92147c9) Importer(815301076,1909f56bfc062723c751e8b465ee728b)
Start importing Assets/LookingGlass/Examples/URP/ExampleAssets/Models/Workbench_Low.fbx using Guid(ff6dc36862fe41641bb21568d92147c9) Importer(815301076,1909f56bfc062723c751e8b465ee728b)  -> (artifact id: 'd7676ad7b51578d97d39bf7c159076b1') in 0.232568 seconds
Number of updated asset objects reloaded before import = 0
Number of asset objects unloaded after import = 35
========================================================================
Received Prepare
Begin MonoManager ReloadAssembly
- Loaded All Assemblies, in  1.549 seconds
Refreshing native plugins compatible for Editor in 15.02 ms, found 3 plugins.
Native extension for WindowsStandalone target not found
[Package Manager] Server::EnsureServerProcessIsRunning -- launch failed, reason: Unity was launched with the -noUpm command-line argument
[Package Manager] UpmClient::Send -- Unable to send message (not connected to UPM process).
[Package Manager] Cannot connect to Unity Package Manager local server
Attempting to connect to LKG Bridge at 2/15/2025 5:30:50 PM...
UnityEngine.StackTraceUtility:ExtractStackTrace ()
UnityEngine.DebugLogHandler:LogFormat (UnityEngine.LogType,UnityEngine.Object,string,object[])
UnityEngine.Logger:Log (UnityEngine.LogType,object)
UnityEngine.Debug:Log (object)
LookingGlass.LKGDisplaySystem/<Reconnect>d__29:MoveNext () (at Assets/LookingGlass/Scripts/LookingGlass/Systems/LKGDisplaySystem.cs:314)
System.Runtime.CompilerServices.AsyncTaskMethodBuilder`1<bool>:Start<LookingGlass.LKGDisplaySystem/<Reconnect>d__29> (LookingGlass.LKGDisplaySystem/<Reconnect>d__29&)
LookingGlass.LKGDisplaySystem:Reconnect ()
LookingGlass.LKGDisplaySystem:InitializeSystem () (at Assets/LookingGlass/Scripts/LookingGlass/Systems/LKGDisplaySystem.cs:175)
LookingGlass.UnityLKGSystems:PerformSafe (System.Action) (at Assets/LookingGlass/Scripts/LookingGlass/Systems/UnityLKGSystems.cs:74)
LookingGlass.UnityLKGSystems:InitializeAllSystems () (at Assets/LookingGlass/Scripts/LookingGlass/Systems/UnityLKGSystems.cs:54)
LookingGlass.UnityLKGSystems:.cctor () (at Assets/LookingGlass/Scripts/LookingGlass/Systems/UnityLKGSystems.cs:23)
System.Runtime.CompilerServices.RuntimeHelpers:RunClassConstructor (System.RuntimeTypeHandle)
UnityEditor.EditorAssemblies:ProcessInitializeOnLoadAttributes (System.Type[])

(Filename: Assets/LookingGlass/Scripts/LookingGlass/Systems/LKGDisplaySystem.cs Line: 314)

Mono: successfully reloaded assembly
- Finished resetting the current domain, in  2.635 seconds
Domain Reload Profiling: 4180ms
	BeginReloadAssembly (307ms)
		ExecutionOrderSort (0ms)
		DisableScriptedObjects (7ms)
		BackupInstance (0ms)
		ReleaseScriptingObjects (0ms)
		CreateAndSetChildDomain (91ms)
	RebuildCommonClasses (66ms)
	RebuildNativeTypeToScriptingClass (21ms)
	initialDomainReloadingComplete (64ms)
	LoadAllAssembliesAndSetupDomain (1085ms)
		LoadAssemblies (581ms)
		RebuildTransferFunctionScriptingTraits (0ms)
		AnalyzeDomain (632ms)
			TypeCache.Refresh (610ms)
				TypeCache.ScanAssembly (583ms)
			ScanForSourceGeneratedMonoScriptInfo (0ms)
			ResolveRequiredComponents (22ms)
	FinalizeReload (2636ms)
		ReleaseScriptCaches (0ms)
		RebuildScriptCaches (0ms)
		SetupLoadedEditorAssemblies (1431ms)
			LogAssemblyErrors (0ms)
			InitializePlatformSupportModulesInManaged (18ms)
			SetLoadedEditorAssemblies (12ms)
			RefreshPlugins (0ms)
			BeforeProcessingInitializeOnLoad (197ms)
			ProcessInitializeOnLoadAttributes (1150ms)
			ProcessInitializeOnLoadMethodAttributes (42ms)
			AfterProcessingInitializeOnLoad (13ms)
			EditorAssembliesLoaded (0ms)
		ExecutionOrderSort2 (0ms)
		AwakeInstancesAfterBackupRestoration (16ms)
Refreshing native plugins compatible for Editor in 9.78 ms, found 3 plugins.
Preloading 0 native plugins for Editor in 0.00 ms.
Unloading 3963 Unused Serialized files (Serialized files now loaded: 0)
Unloading 50 unused Assets / (1.5 MB). Loaded Objects now: 4519.
Memory consumption went from 147.7 MB to 146.1 MB.
Total: 7.719800 ms (FindLiveObjects: 0.421700 ms CreateObjectMapping: 0.177200 ms MarkObjects: 6.609000 ms  DeleteObjects: 0.509900 ms)

Prepare: number of updated asset objects reloaded= 0
AssetImportParameters requested are different than current active one (requested -> active):
  custom:container-demuxer-ogg: 62fdf1f143b41e24485cea50d1cbac27 -> 
  custom:video-codec-MediaFoundation-h265: 746d11721c4dcdbdad8f713fa42b33f4 -> 
  custom:video-decoder-ogg-theora: a1e56fd34408186e4bbccfd4996cb3dc -> 
  custom:framework-win-MediaFoundation: 216162199b28c13a410421893ffa2e32 -> 
  custom:CustomObjectIndexerAttribute: 756ad292c208cfabdd7b50bc23989ffe -> 
  custom:container-demuxer-webm: 4f35f7cbe854078d1ac9338744f61a02 -> 
  custom:container-muxer-webm: aa71ff27fc2769a1b78a27578f13a17b -> 
  custom:video-decoder-webm-vp8: 9c59270c3fd7afecdb556c50c9e8de78 -> 
  custom:AudioImporter_EditorPlatform: d09bf68614088b80899f8185d706f6e7 -> 
  custom:video-encoder-webm-vp8: eb34c28f22e8b96e1ab97ce403110664 -> 
  custom:audio-decoder-ogg-vorbis: bf7c407c2cedff20999df2af8eb42d56 -> 
  custom:audio-encoder-webm-vorbis: bf7c407c2cedff20999df2af8eb42d56 -> 
========================================================================
Received Prepare
Begin MonoManager ReloadAssembly
IOException: Sharing violation on path C:\Users\moonw\AppData\Local\Temp\DefaultCompany\LKG Demo\Preview Data.json
  at System.IO.FileStream..ctor (System.String path, System.IO.FileMode mode, System.IO.FileAccess access, System.IO.FileShare share, System.Int32 bufferSize, System.Boolean anonymous, System.IO.FileOptions options) [0x0019e] in <605bf8b31fcb444b85176da963870aa7>:0 
  at System.IO.FileStream..ctor (System.String path, System.IO.FileMode mode, System.IO.FileAccess access, System.IO.FileShare share, System.Int32 bufferSize, System.IO.FileOptions options) [0x00000] in <605bf8b31fcb444b85176da963870aa7>:0 
  at (wrapper remoting-invoke-with-check) System.IO.FileStream..ctor(string,System.IO.FileMode,System.IO.FileAccess,System.IO.FileShare,int,System.IO.FileOptions)
  at System.IO.StreamWriter..ctor (System.String path, System.Boolean append, System.Text.Encoding encoding, System.Int32 bufferSize) [0x00055] in <605bf8b31fcb444b85176da963870aa7>:0 
  at System.IO.StreamWriter..ctor (System.String path) [0x00008] in <605bf8b31fcb444b85176da963870aa7>:0 
  at (wrapper remoting-invoke-with-check) System.IO.StreamWriter..ctor(string)
  at System.IO.File.WriteAllText (System.String path, System.String contents) [0x00026] in <605bf8b31fcb444b85176da963870aa7>:0 
  at LookingGlass.Editor.Preview.SavePreview (System.String filePath) [0x00020] in C:\Users\moonw\source\4Asset\4Asset\Assets\LookingGlass\Scripts\LookingGlass.Editor\Preview.cs:119 
  at LookingGlass.Editor.Preview.OnBeforeAssemblyReload () [0x00000] in C:\Users\moonw\source\4Asset\4Asset\Assets\LookingGlass\Scripts\LookingGlass.Editor\Preview.cs:78 
  at UnityEditor.AssemblyReloadEvents.OnBeforeAssemblyReload () [0x00017] in <da771086bc2e4cfc9ad0a72e083a7f98>:0 

(Filename: Assets/LookingGlass/Scripts/LookingGlass.Editor/Preview.cs Line: 119)

- Loaded All Assemblies, in  2.075 seconds
Refreshing native plugins compatible for Editor in 20.82 ms, found 3 plugins.
Native extension for WindowsStandalone target not found
[Package Manager] Server::EnsureServerProcessIsRunning -- launch failed, reason: Unity was launched with the -noUpm command-line argument
[Package Manager] UpmClient::Send -- Unable to send message (not connected to UPM process).
[Package Manager] Cannot connect to Unity Package Manager local server
Attempting to connect to LKG Bridge at 2/15/2025 5:32:52 PM...
UnityEngine.StackTraceUtility:ExtractStackTrace ()
UnityEngine.DebugLogHandler:LogFormat (UnityEngine.LogType,UnityEngine.Object,string,object[])
UnityEngine.Logger:Log (UnityEngine.LogType,object)
UnityEngine.Debug:Log (object)
LookingGlass.LKGDisplaySystem/<Reconnect>d__29:MoveNext () (at Assets/LookingGlass/Scripts/LookingGlass/Systems/LKGDisplaySystem.cs:314)
System.Runtime.CompilerServices.AsyncTaskMethodBuilder`1<bool>:Start<LookingGlass.LKGDisplaySystem/<Reconnect>d__29> (LookingGlass.LKGDisplaySystem/<Reconnect>d__29&)
LookingGlass.LKGDisplaySystem:Reconnect ()
LookingGlass.LKGDisplaySystem:InitializeSystem () (at Assets/LookingGlass/Scripts/LookingGlass/Systems/LKGDisplaySystem.cs:175)
LookingGlass.UnityLKGSystems:PerformSafe (System.Action) (at Assets/LookingGlass/Scripts/LookingGlass/Systems/UnityLKGSystems.cs:74)
LookingGlass.UnityLKGSystems:InitializeAllSystems () (at Assets/LookingGlass/Scripts/LookingGlass/Systems/UnityLKGSystems.cs:54)
LookingGlass.UnityLKGSystems:.cctor () (at Assets/LookingGlass/Scripts/LookingGlass/Systems/UnityLKGSystems.cs:23)
System.Runtime.CompilerServices.RuntimeHelpers:RunClassConstructor (System.RuntimeTypeHandle)
UnityEditor.EditorAssemblies:ProcessInitializeOnLoadAttributes (System.Type[])

(Filename: Assets/LookingGlass/Scripts/LookingGlass/Systems/LKGDisplaySystem.cs Line: 314)

Mono: successfully reloaded assembly
- Finished resetting the current domain, in  3.496 seconds
Domain Reload Profiling: 5567ms
	BeginReloadAssembly (426ms)
		ExecutionOrderSort (0ms)
		DisableScriptedObjects (12ms)
		BackupInstance (0ms)
		ReleaseScriptingObjects (0ms)
		CreateAndSetChildDomain (109ms)
	RebuildCommonClasses (87ms)
	RebuildNativeTypeToScriptingClass (31ms)
	initialDomainReloadingComplete (84ms)
	LoadAllAssembliesAndSetupDomain (1442ms)
		LoadAssemblies (841ms)
		RebuildTransferFunctionScriptingTraits (0ms)
		AnalyzeDomain (788ms)
			TypeCache.Refresh (756ms)
				TypeCache.ScanAssembly (724ms)
			ScanForSourceGeneratedMonoScriptInfo (10ms)
			ResolveRequiredComponents (21ms)
	FinalizeReload (3497ms)
		ReleaseScriptCaches (0ms)
		RebuildScriptCaches (0ms)
		SetupLoadedEditorAssemblies (1867ms)
			LogAssemblyErrors (0ms)
			InitializePlatformSupportModulesInManaged (18ms)
			SetLoadedEditorAssemblies (25ms)
			RefreshPlugins (0ms)
			BeforeProcessingInitializeOnLoad (195ms)
			ProcessInitializeOnLoadAttributes (1522ms)
			ProcessInitializeOnLoadMethodAttributes (79ms)
			AfterProcessingInitializeOnLoad (28ms)
			EditorAssembliesLoaded (1ms)
		ExecutionOrderSort2 (0ms)
		AwakeInstancesAfterBackupRestoration (27ms)
Refreshing native plugins compatible for Editor in 26.87 ms, found 3 plugins.
Preloading 0 native plugins for Editor in 0.00 ms.
Unloading 3964 Unused Serialized files (Serialized files now loaded: 0)
Unloading 50 unused Assets / (1.5 MB). Loaded Objects now: 4525.
Memory consumption went from 148.0 MB to 146.5 MB.
Total: 12.673900 ms (FindLiveObjects: 0.704800 ms CreateObjectMapping: 0.440600 ms MarkObjects: 10.743200 ms  DeleteObjects: 0.782600 ms)

Prepare: number of updated asset objects reloaded= 0
AssetImportParameters requested are different than current active one (requested -> active):
  custom:container-demuxer-ogg: 62fdf1f143b41e24485cea50d1cbac27 -> 
  custom:video-codec-MediaFoundation-h265: 746d11721c4dcdbdad8f713fa42b33f4 -> 
  custom:video-decoder-ogg-theora: a1e56fd34408186e4bbccfd4996cb3dc -> 
  custom:framework-win-MediaFoundation: 216162199b28c13a410421893ffa2e32 -> 
  custom:CustomObjectIndexerAttribute: 756ad292c208cfabdd7b50bc23989ffe -> 
  custom:container-demuxer-webm: 4f35f7cbe854078d1ac9338744f61a02 -> 
  custom:container-muxer-webm: aa71ff27fc2769a1b78a27578f13a17b -> 
  custom:video-decoder-webm-vp8: 9c59270c3fd7afecdb556c50c9e8de78 -> 
  custom:AudioImporter_EditorPlatform: d09bf68614088b80899f8185d706f6e7 -> 
  custom:video-encoder-webm-vp8: eb34c28f22e8b96e1ab97ce403110664 -> 
  custom:audio-decoder-ogg-vorbis: bf7c407c2cedff20999df2af8eb42d56 -> 
  custom:audio-encoder-webm-vorbis: bf7c407c2cedff20999df2af8eb42d56 -> 
========================================================================
Received Prepare
Begin MonoManager ReloadAssembly
- Loaded All Assemblies, in  1.501 seconds
Refreshing native plugins compatible for Editor in 9.98 ms, found 3 plugins.
Native extension for WindowsStandalone target not found
[Package Manager] Server::EnsureServerProcessIsRunning -- launch failed, reason: Unity was launched with the -noUpm command-line argument
[Package Manager] UpmClient::Send -- Unable to send message (not connected to UPM process).
[Package Manager] Cannot connect to Unity Package Manager local server
Attempting to connect to LKG Bridge at 2/15/2025 5:40:08 PM...
UnityEngine.StackTraceUtility:ExtractStackTrace ()
UnityEngine.DebugLogHandler:LogFormat (UnityEngine.LogType,UnityEngine.Object,string,object[])
UnityEngine.Logger:Log (UnityEngine.LogType,object)
UnityEngine.Debug:Log (object)
LookingGlass.LKGDisplaySystem/<Reconnect>d__29:MoveNext () (at Assets/LookingGlass/Scripts/LookingGlass/Systems/LKGDisplaySystem.cs:314)
System.Runtime.CompilerServices.AsyncTaskMethodBuilder`1<bool>:Start<LookingGlass.LKGDisplaySystem/<Reconnect>d__29> (LookingGlass.LKGDisplaySystem/<Reconnect>d__29&)
LookingGlass.LKGDisplaySystem:Reconnect ()
LookingGlass.LKGDisplaySystem:InitializeSystem () (at Assets/LookingGlass/Scripts/LookingGlass/Systems/LKGDisplaySystem.cs:175)
LookingGlass.UnityLKGSystems:PerformSafe (System.Action) (at Assets/LookingGlass/Scripts/LookingGlass/Systems/UnityLKGSystems.cs:74)
LookingGlass.UnityLKGSystems:InitializeAllSystems () (at Assets/LookingGlass/Scripts/LookingGlass/Systems/UnityLKGSystems.cs:54)
LookingGlass.UnityLKGSystems:.cctor () (at Assets/LookingGlass/Scripts/LookingGlass/Systems/UnityLKGSystems.cs:23)
System.Runtime.CompilerServices.RuntimeHelpers:RunClassConstructor (System.RuntimeTypeHandle)
UnityEditor.EditorAssemblies:ProcessInitializeOnLoadAttributes (System.Type[])

(Filename: Assets/LookingGlass/Scripts/LookingGlass/Systems/LKGDisplaySystem.cs Line: 314)

Mono: successfully reloaded assembly
- Finished resetting the current domain, in  2.283 seconds
Domain Reload Profiling: 3779ms
	BeginReloadAssembly (319ms)
		ExecutionOrderSort (0ms)
		DisableScriptedObjects (8ms)
		BackupInstance (0ms)
		ReleaseScriptingObjects (0ms)
		CreateAndSetChildDomain (91ms)
	RebuildCommonClasses (67ms)
	RebuildNativeTypeToScriptingClass (23ms)
	initialDomainReloadingComplete (63ms)
	LoadAllAssembliesAndSetupDomain (1022ms)
		LoadAssemblies (584ms)
		RebuildTransferFunctionScriptingTraits (0ms)
		AnalyzeDomain (569ms)
			TypeCache.Refresh (549ms)
				TypeCache.ScanAssembly (525ms)
			ScanForSourceGeneratedMonoScriptInfo (8ms)
			ResolveRequiredComponents (11ms)
	FinalizeReload (2284ms)
		ReleaseScriptCaches (0ms)
		RebuildScriptCaches (0ms)
		SetupLoadedEditorAssemblies (1398ms)
			LogAssemblyErrors (0ms)
			InitializePlatformSupportModulesInManaged (12ms)
			SetLoadedEditorAssemblies (13ms)
			RefreshPlugins (0ms)
			BeforeProcessingInitializeOnLoad (153ms)
			ProcessInitializeOnLoadAttributes (1161ms)
			ProcessInitializeOnLoadMethodAttributes (45ms)
			AfterProcessingInitializeOnLoad (14ms)
			EditorAssembliesLoaded (0ms)
		ExecutionOrderSort2 (0ms)
		AwakeInstancesAfterBackupRestoration (24ms)
Refreshing native plugins compatible for Editor in 15.97 ms, found 3 plugins.
Preloading 0 native plugins for Editor in 0.00 ms.
Unloading 3964 Unused Serialized files (Serialized files now loaded: 0)
Unloading 50 unused Assets / (1.5 MB). Loaded Objects now: 4531.
Memory consumption went from 148.0 MB to 146.5 MB.
Total: 8.375000 ms (FindLiveObjects: 0.460900 ms CreateObjectMapping: 0.172700 ms MarkObjects: 7.283700 ms  DeleteObjects: 0.455300 ms)

Prepare: number of updated asset objects reloaded= 0
AssetImportParameters requested are different than current active one (requested -> active):
  custom:container-demuxer-ogg: 62fdf1f143b41e24485cea50d1cbac27 -> 
  custom:video-codec-MediaFoundation-h265: 746d11721c4dcdbdad8f713fa42b33f4 -> 
  custom:video-decoder-ogg-theora: a1e56fd34408186e4bbccfd4996cb3dc -> 
  custom:framework-win-MediaFoundation: 216162199b28c13a410421893ffa2e32 -> 
  custom:CustomObjectIndexerAttribute: 756ad292c208cfabdd7b50bc23989ffe -> 
  custom:container-demuxer-webm: 4f35f7cbe854078d1ac9338744f61a02 -> 
  custom:container-muxer-webm: aa71ff27fc2769a1b78a27578f13a17b -> 
  custom:video-decoder-webm-vp8: 9c59270c3fd7afecdb556c50c9e8de78 -> 
  custom:AudioImporter_EditorPlatform: d09bf68614088b80899f8185d706f6e7 -> 
  custom:video-encoder-webm-vp8: eb34c28f22e8b96e1ab97ce403110664 -> 
  custom:audio-decoder-ogg-vorbis: bf7c407c2cedff20999df2af8eb42d56 -> 
  custom:audio-encoder-webm-vorbis: bf7c407c2cedff20999df2af8eb42d56 -> 
========================================================================
Received Prepare
Begin MonoManager ReloadAssembly
- Loaded All Assemblies, in  1.468 seconds
Refreshing native plugins compatible for Editor in 9.77 ms, found 3 plugins.
Native extension for WindowsStandalone target not found
[Package Manager] Server::EnsureServerProcessIsRunning -- launch failed, reason: Unity was launched with the -noUpm command-line argument
[Package Manager] UpmClient::Send -- Unable to send message (not connected to UPM process).
[Package Manager] Cannot connect to Unity Package Manager local server
Attempting to connect to LKG Bridge at 2/15/2025 5:40:18 PM...
UnityEngine.StackTraceUtility:ExtractStackTrace ()
UnityEngine.DebugLogHandler:LogFormat (UnityEngine.LogType,UnityEngine.Object,string,object[])
UnityEngine.Logger:Log (UnityEngine.LogType,object)
UnityEngine.Debug:Log (object)
LookingGlass.LKGDisplaySystem/<Reconnect>d__29:MoveNext () (at Assets/LookingGlass/Scripts/LookingGlass/Systems/LKGDisplaySystem.cs:314)
System.Runtime.CompilerServices.AsyncTaskMethodBuilder`1<bool>:Start<LookingGlass.LKGDisplaySystem/<Reconnect>d__29> (LookingGlass.LKGDisplaySystem/<Reconnect>d__29&)
LookingGlass.LKGDisplaySystem:Reconnect ()
LookingGlass.LKGDisplaySystem:InitializeSystem () (at Assets/LookingGlass/Scripts/LookingGlass/Systems/LKGDisplaySystem.cs:175)
LookingGlass.UnityLKGSystems:PerformSafe (System.Action) (at Assets/LookingGlass/Scripts/LookingGlass/Systems/UnityLKGSystems.cs:74)
LookingGlass.UnityLKGSystems:InitializeAllSystems () (at Assets/LookingGlass/Scripts/LookingGlass/Systems/UnityLKGSystems.cs:54)
LookingGlass.UnityLKGSystems:.cctor () (at Assets/LookingGlass/Scripts/LookingGlass/Systems/UnityLKGSystems.cs:23)
System.Runtime.CompilerServices.RuntimeHelpers:RunClassConstructor (System.RuntimeTypeHandle)
UnityEditor.EditorAssemblies:ProcessInitializeOnLoadAttributes (System.Type[])

(Filename: Assets/LookingGlass/Scripts/LookingGlass/Systems/LKGDisplaySystem.cs Line: 314)

Mono: successfully reloaded assembly
- Finished resetting the current domain, in  2.483 seconds
Domain Reload Profiling: 3946ms
	BeginReloadAssembly (297ms)
		ExecutionOrderSort (0ms)
		DisableScriptedObjects (7ms)
		BackupInstance (0ms)
		ReleaseScriptingObjects (0ms)
		CreateAndSetChildDomain (76ms)
	RebuildCommonClasses (66ms)
	RebuildNativeTypeToScriptingClass (21ms)
	initialDomainReloadingComplete (64ms)
	LoadAllAssembliesAndSetupDomain (1014ms)
		LoadAssemblies (561ms)
		RebuildTransferFunctionScriptingTraits (0ms)
		AnalyzeDomain (578ms)
			TypeCache.Refresh (566ms)
				TypeCache.ScanAssembly (540ms)
			ScanForSourceGeneratedMonoScriptInfo (0ms)
			ResolveRequiredComponents (12ms)
	FinalizeReload (2484ms)
		ReleaseScriptCaches (0ms)
		RebuildScriptCaches (0ms)
		SetupLoadedEditorAssemblies (1410ms)
			LogAssemblyErrors (0ms)
			InitializePlatformSupportModulesInManaged (16ms)
			SetLoadedEditorAssemblies (15ms)
			RefreshPlugins (0ms)
			BeforeProcessingInitializeOnLoad (164ms)
			ProcessInitializeOnLoadAttributes (1150ms)
			ProcessInitializeOnLoadMethodAttributes (43ms)
			AfterProcessingInitializeOnLoad (21ms)
			EditorAssembliesLoaded (0ms)
		ExecutionOrderSort2 (0ms)
		AwakeInstancesAfterBackupRestoration (19ms)
Refreshing native plugins compatible for Editor in 13.14 ms, found 3 plugins.
Preloading 0 native plugins for Editor in 0.00 ms.
Unloading 3964 Unused Serialized files (Serialized files now loaded: 0)
Unloading 50 unused Assets / (1.5 MB). Loaded Objects now: 4537.
Memory consumption went from 148.0 MB to 146.5 MB.
Total: 7.393700 ms (FindLiveObjects: 0.507900 ms CreateObjectMapping: 0.254000 ms MarkObjects: 6.184100 ms  DeleteObjects: 0.445200 ms)

Prepare: number of updated asset objects reloaded= 0
AssetImportParameters requested are different than current active one (requested -> active):
  custom:container-demuxer-ogg: 62fdf1f143b41e24485cea50d1cbac27 -> 
  custom:video-codec-MediaFoundation-h265: 746d11721c4dcdbdad8f713fa42b33f4 -> 
  custom:video-decoder-ogg-theora: a1e56fd34408186e4bbccfd4996cb3dc -> 
  custom:framework-win-MediaFoundation: 216162199b28c13a410421893ffa2e32 -> 
  custom:CustomObjectIndexerAttribute: 756ad292c208cfabdd7b50bc23989ffe -> 
  custom:container-demuxer-webm: 4f35f7cbe854078d1ac9338744f61a02 -> 
  custom:container-muxer-webm: aa71ff27fc2769a1b78a27578f13a17b -> 
  custom:video-decoder-webm-vp8: 9c59270c3fd7afecdb556c50c9e8de78 -> 
  custom:AudioImporter_EditorPlatform: d09bf68614088b80899f8185d706f6e7 -> 
  custom:video-encoder-webm-vp8: eb34c28f22e8b96e1ab97ce403110664 -> 
  custom:audio-decoder-ogg-vorbis: bf7c407c2cedff20999df2af8eb42d56 -> 
  custom:audio-encoder-webm-vorbis: bf7c407c2cedff20999df2af8eb42d56 -> 
